This file contains any messages produced by compilers while
running configure, to aid debugging if configure makes a mistake.

It was created by denyfs configure 0.2.0, which was
generated by GNU Autoconf 2.63.  Invocation command line was

  $ ./configure 

## --------- ##
## Platform. ##
## --------- ##

hostname = pong
uname -m = i686
uname -r = 2.6.31-gentoo-r1
uname -s = Linux
uname -v = #1 SMP Sat Oct 10 02:45:18 Local time zone must be set--see zic 

/usr/bin/uname -p = Intel(R) Atom(TM) CPU N280 @ 1.66GHz
/bin/uname -X     = unknown

/bin/arch              = unknown
/usr/bin/arch -k       = unknown
/usr/convex/getsysinfo = unknown
/usr/bin/hostinfo      = unknown
/bin/machine           = unknown
/usr/bin/oslevel       = unknown
/bin/universe          = unknown

PATH: /sbin
PATH: /bin
PATH: /usr/sbin
PATH: /usr/bin


## ----------- ##
## Core tests. ##
## ----------- ##

configure:1830: checking for gcc
configure:1846: found /usr/bin/gcc
configure:1857: result: gcc
configure:2089: checking for C compiler version
configure:2097: gcc --version >&5
gcc (Gentoo 4.3.3-r2 p1.2, pie-10.1.5) 4.3.3
Copyright (C) 2008 Free Software Foundation, Inc.
This is free software; see the source for copying conditions.  There is NO
warranty; not even for MERCHANTABILITY or FITNESS FOR A PARTICULAR PURPOSE.

configure:2101: $? = 0
configure:2108: gcc -v >&5
Using built-in specs.
Target: i686-pc-linux-gnu
Configured with: /var/tmp/portage/sys-devel/gcc-4.3.3-r2/work/gcc-4.3.3/configure --prefix=/usr --bindir=/usr/i686-pc-linux-gnu/gcc-bin/4.3.3 --includedir=/usr/lib/gcc/i686-pc-linux-gnu/4.3.3/include --datadir=/usr/share/gcc-data/i686-pc-linux-gnu/4.3.3 --mandir=/usr/share/gcc-data/i686-pc-linux-gnu/4.3.3/man --infodir=/usr/share/gcc-data/i686-pc-linux-gnu/4.3.3/info --with-gxx-include-dir=/usr/lib/gcc/i686-pc-linux-gnu/4.3.3/include/g++-v4 --host=i686-pc-linux-gnu --build=i686-pc-linux-gnu --disable-altivec --disable-fixed-point --enable-nls --without-included-gettext --with-system-zlib --disable-checking --disable-werror --enable-secureplt --disable-multilib --enable-libmudflap --disable-libssp --enable-libgomp --enable-cld --disable-libgcj --with-arch=i686 --enable-languages=c,c++,treelang,fortran --enable-shared --enable-threads=posix --enable-__cxa_atexit --enable-clocale=gnu --with-bugurl=http://bugs.gentoo.org/ --with-pkgversion='Gentoo 4.3.3-r2 p1.2, pie-10.1.5'
Thread model: posix
gcc version 4.3.3 (Gentoo 4.3.3-r2 p1.2, pie-10.1.5) 
configure:2112: $? = 0
configure:2119: gcc -V >&5
gcc: '-V' option must have argument
configure:2123: $? = 1
configure:2146: checking for C compiler default output file name
configure:2168: gcc    conftest.c  >&5
configure:2172: $? = 0
configure:2210: result: a.out
configure:2229: checking whether the C compiler works
configure:2239: ./a.out
configure:2243: $? = 0
configure:2262: result: yes
configure:2269: checking whether we are cross compiling
configure:2271: result: no
configure:2274: checking for suffix of executables
configure:2281: gcc -o conftest    conftest.c  >&5
configure:2285: $? = 0
configure:2311: result: 
configure:2317: checking for suffix of object files
configure:2343: gcc -c   conftest.c >&5
configure:2347: $? = 0
configure:2372: result: o
configure:2376: checking whether we are using the GNU C compiler
configure:2405: gcc -c   conftest.c >&5
configure:2412: $? = 0
configure:2429: result: yes
configure:2438: checking whether gcc accepts -g
configure:2468: gcc -c -g  conftest.c >&5
configure:2475: $? = 0
configure:2576: result: yes
configure:2593: checking for gcc option to accept ISO C89
configure:2667: gcc  -c -g -O2  conftest.c >&5
configure:2674: $? = 0
configure:2697: result: none needed
configure:2720: checking for dm_task_create in -ldevmapper
configure:2755: gcc -o conftest -g -O2   conftest.c -ldevmapper   >&5
configure:2762: $? = 0
configure:2783: result: yes
configure:2801: checking how to run the C preprocessor
configure:2841: gcc -E  conftest.c
configure:2848: $? = 0
configure:2879: gcc -E  conftest.c
conftest.c:9:28: error: ac_nonexistent.h: No such file or directory
configure:2886: $? = 1
configure: failed program was:
| /* confdefs.h.  */
| #define PACKAGE_NAME "denyfs"
| #define PACKAGE_TARNAME "denyfs"
| #define PACKAGE_VERSION "0.2.0"
| #define PACKAGE_STRING "denyfs 0.2.0"
| #define PACKAGE_BUGREPORT "erick@openchill.org"
| #define HAVE_LIBDEVMAPPER 1
| /* end confdefs.h.  */
| #include <ac_nonexistent.h>
configure:2919: result: gcc -E
configure:2948: gcc -E  conftest.c
configure:2955: $? = 0
configure:2986: gcc -E  conftest.c
conftest.c:9:28: error: ac_nonexistent.h: No such file or directory
configure:2993: $? = 1
configure: failed program was:
| /* confdefs.h.  */
| #define PACKAGE_NAME "denyfs"
| #define PACKAGE_TARNAME "denyfs"
| #define PACKAGE_VERSION "0.2.0"
| #define PACKAGE_STRING "denyfs 0.2.0"
| #define PACKAGE_BUGREPORT "erick@openchill.org"
| #define HAVE_LIBDEVMAPPER 1
| /* end confdefs.h.  */
| #include <ac_nonexistent.h>
configure:3033: checking for grep that handles long lines and -e
configure:3093: result: /bin/grep
configure:3098: checking for egrep
configure:3162: result: /bin/grep -E
configure:3167: checking for ANSI C header files
configure:3197: gcc -c -g -O2  conftest.c >&5
configure:3204: $? = 0
configure:3303: gcc -o conftest -g -O2   conftest.c -ldevmapper  >&5
configure:3307: $? = 0
configure:3313: ./conftest
configure:3317: $? = 0
configure:3335: result: yes
configure:3359: checking for sys/types.h
configure:3380: gcc -c -g -O2  conftest.c >&5
configure:3387: $? = 0
configure:3404: result: yes
configure:3359: checking for sys/stat.h
configure:3380: gcc -c -g -O2  conftest.c >&5
configure:3387: $? = 0
configure:3404: result: yes
configure:3359: checking for stdlib.h
configure:3380: gcc -c -g -O2  conftest.c >&5
configure:3387: $? = 0
configure:3404: result: yes
configure:3359: checking for string.h
configure:3380: gcc -c -g -O2  conftest.c >&5
configure:3387: $? = 0
configure:3404: result: yes
configure:3359: checking for memory.h
configure:3380: gcc -c -g -O2  conftest.c >&5
configure:3387: $? = 0
configure:3404: result: yes
configure:3359: checking for strings.h
configure:3380: gcc -c -g -O2  conftest.c >&5
configure:3387: $? = 0
configure:3404: result: yes
configure:3359: checking for inttypes.h
configure:3380: gcc -c -g -O2  conftest.c >&5
configure:3387: $? = 0
configure:3404: result: yes
configure:3359: checking for stdint.h
configure:3380: gcc -c -g -O2  conftest.c >&5
configure:3387: $? = 0
configure:3404: result: yes
configure:3359: checking for unistd.h
configure:3380: gcc -c -g -O2  conftest.c >&5
configure:3387: $? = 0
configure:3404: result: yes
configure:3439: checking fcntl.h usability
configure:3456: gcc -c -g -O2  conftest.c >&5
configure:3463: $? = 0
configure:3477: result: yes
configure:3481: checking fcntl.h presence
configure:3496: gcc -E  conftest.c
configure:3503: $? = 0
configure:3517: result: yes
configure:3550: checking for fcntl.h
configure:3559: result: yes
configure:3428: checking for stdint.h
configure:3435: result: yes
configure:3428: checking for stdlib.h
configure:3435: result: yes
configure:3428: checking for string.h
configure:3435: result: yes
configure:3439: checking sys/ioctl.h usability
configure:3456: gcc -c -g -O2  conftest.c >&5
configure:3463: $? = 0
configure:3477: result: yes
configure:3481: checking sys/ioctl.h presence
configure:3496: gcc -E  conftest.c
configure:3503: $? = 0
configure:3517: result: yes
configure:3550: checking for sys/ioctl.h
configure:3559: result: yes
configure:3428: checking for unistd.h
configure:3435: result: yes
configure:3577: checking for int32_t
configure:3608: gcc -c -g -O2  conftest.c >&5
configure:3615: $? = 0
configure:3644: gcc -c -g -O2  conftest.c >&5
conftest.c: In function 'main':
conftest.c:62: warning: integer overflow in expression
conftest.c:62: error: size of array 'test_array' is negative
configure:3651: $? = 1
configure: failed program was:
| /* confdefs.h.  */
| #define PACKAGE_NAME "denyfs"
| #define PACKAGE_TARNAME "denyfs"
| #define PACKAGE_VERSION "0.2.0"
| #define PACKAGE_STRING "denyfs 0.2.0"
| #define PACKAGE_BUGREPORT "erick@openchill.org"
| #define HAVE_LIBDEVMAPPER 1
| #define STDC_HEADERS 1
| #define HAVE_SYS_TYPES_H 1
| #define HAVE_SYS_STAT_H 1
| #define HAVE_STDLIB_H 1
| #define HAVE_STRING_H 1
| #define HAVE_MEMORY_H 1
| #define HAVE_STRINGS_H 1
| #define HAVE_INTTYPES_H 1
| #define HAVE_STDINT_H 1
| #define HAVE_UNISTD_H 1
| #define HAVE_FCNTL_H 1
| #define HAVE_STDINT_H 1
| #define HAVE_STDLIB_H 1
| #define HAVE_STRING_H 1
| #define HAVE_SYS_IOCTL_H 1
| #define HAVE_UNISTD_H 1
| /* end confdefs.h.  */
| #include <stdio.h>
| #ifdef HAVE_SYS_TYPES_H
| # include <sys/types.h>
| #endif
| #ifdef HAVE_SYS_STAT_H
| # include <sys/stat.h>
| #endif
| #ifdef STDC_HEADERS
| # include <stdlib.h>
| # include <stddef.h>
| #else
| # ifdef HAVE_STDLIB_H
| #  include <stdlib.h>
| # endif
| #endif
| #ifdef HAVE_STRING_H
| # if !defined STDC_HEADERS && defined HAVE_MEMORY_H
| #  include <memory.h>
| # endif
| # include <string.h>
| #endif
| #ifdef HAVE_STRINGS_H
| # include <strings.h>
| #endif
| #ifdef HAVE_INTTYPES_H
| # include <inttypes.h>
| #endif
| #ifdef HAVE_STDINT_H
| # include <stdint.h>
| #endif
| #ifdef HAVE_UNISTD_H
| # include <unistd.h>
| #endif
| int
| main ()
| {
| static int test_array [1 - 2 * !((int32_t) ((((int32_t) 1 << (32 - 2)) - 1) * 2 + 1)
| 		 < (int32_t) ((((int32_t) 1 << (32 - 2)) - 1) * 2 + 2))];
| test_array [0] = 0
| 
|   ;
|   return 0;
| }
configure:3680: result: yes
configure:3693: checking for int64_t
configure:3724: gcc -c -g -O2  conftest.c >&5
configure:3731: $? = 0
configure:3760: gcc -c -g -O2  conftest.c >&5
conftest.c: In function 'main':
conftest.c:62: warning: integer overflow in expression
conftest.c:62: error: size of array 'test_array' is negative
configure:3767: $? = 1
configure: failed program was:
| /* confdefs.h.  */
| #define PACKAGE_NAME "denyfs"
| #define PACKAGE_TARNAME "denyfs"
| #define PACKAGE_VERSION "0.2.0"
| #define PACKAGE_STRING "denyfs 0.2.0"
| #define PACKAGE_BUGREPORT "erick@openchill.org"
| #define HAVE_LIBDEVMAPPER 1
| #define STDC_HEADERS 1
| #define HAVE_SYS_TYPES_H 1
| #define HAVE_SYS_STAT_H 1
| #define HAVE_STDLIB_H 1
| #define HAVE_STRING_H 1
| #define HAVE_MEMORY_H 1
| #define HAVE_STRINGS_H 1
| #define HAVE_INTTYPES_H 1
| #define HAVE_STDINT_H 1
| #define HAVE_UNISTD_H 1
| #define HAVE_FCNTL_H 1
| #define HAVE_STDINT_H 1
| #define HAVE_STDLIB_H 1
| #define HAVE_STRING_H 1
| #define HAVE_SYS_IOCTL_H 1
| #define HAVE_UNISTD_H 1
| /* end confdefs.h.  */
| #include <stdio.h>
| #ifdef HAVE_SYS_TYPES_H
| # include <sys/types.h>
| #endif
| #ifdef HAVE_SYS_STAT_H
| # include <sys/stat.h>
| #endif
| #ifdef STDC_HEADERS
| # include <stdlib.h>
| # include <stddef.h>
| #else
| # ifdef HAVE_STDLIB_H
| #  include <stdlib.h>
| # endif
| #endif
| #ifdef HAVE_STRING_H
| # if !defined STDC_HEADERS && defined HAVE_MEMORY_H
| #  include <memory.h>
| # endif
| # include <string.h>
| #endif
| #ifdef HAVE_STRINGS_H
| # include <strings.h>
| #endif
| #ifdef HAVE_INTTYPES_H
| # include <inttypes.h>
| #endif
| #ifdef HAVE_STDINT_H
| # include <stdint.h>
| #endif
| #ifdef HAVE_UNISTD_H
| # include <unistd.h>
| #endif
| int
| main ()
| {
| static int test_array [1 - 2 * !((int64_t) ((((int64_t) 1 << (64 - 2)) - 1) * 2 + 1)
| 		 < (int64_t) ((((int64_t) 1 << (64 - 2)) - 1) * 2 + 2))];
| test_array [0] = 0
| 
|   ;
|   return 0;
| }
configure:3796: result: yes
configure:3808: checking for off_t
configure:3836: gcc -c -g -O2  conftest.c >&5
configure:3843: $? = 0
configure:3870: gcc -c -g -O2  conftest.c >&5
conftest.c: In function 'main':
conftest.c:61: error: expected expression before ')' token
configure:3877: $? = 1
configure: failed program was:
| /* confdefs.h.  */
| #define PACKAGE_NAME "denyfs"
| #define PACKAGE_TARNAME "denyfs"
| #define PACKAGE_VERSION "0.2.0"
| #define PACKAGE_STRING "denyfs 0.2.0"
| #define PACKAGE_BUGREPORT "erick@openchill.org"
| #define HAVE_LIBDEVMAPPER 1
| #define STDC_HEADERS 1
| #define HAVE_SYS_TYPES_H 1
| #define HAVE_SYS_STAT_H 1
| #define HAVE_STDLIB_H 1
| #define HAVE_STRING_H 1
| #define HAVE_MEMORY_H 1
| #define HAVE_STRINGS_H 1
| #define HAVE_INTTYPES_H 1
| #define HAVE_STDINT_H 1
| #define HAVE_UNISTD_H 1
| #define HAVE_FCNTL_H 1
| #define HAVE_STDINT_H 1
| #define HAVE_STDLIB_H 1
| #define HAVE_STRING_H 1
| #define HAVE_SYS_IOCTL_H 1
| #define HAVE_UNISTD_H 1
| /* end confdefs.h.  */
| #include <stdio.h>
| #ifdef HAVE_SYS_TYPES_H
| # include <sys/types.h>
| #endif
| #ifdef HAVE_SYS_STAT_H
| # include <sys/stat.h>
| #endif
| #ifdef STDC_HEADERS
| # include <stdlib.h>
| # include <stddef.h>
| #else
| # ifdef HAVE_STDLIB_H
| #  include <stdlib.h>
| # endif
| #endif
| #ifdef HAVE_STRING_H
| # if !defined STDC_HEADERS && defined HAVE_MEMORY_H
| #  include <memory.h>
| # endif
| # include <string.h>
| #endif
| #ifdef HAVE_STRINGS_H
| # include <strings.h>
| #endif
| #ifdef HAVE_INTTYPES_H
| # include <inttypes.h>
| #endif
| #ifdef HAVE_STDINT_H
| # include <stdint.h>
| #endif
| #ifdef HAVE_UNISTD_H
| # include <unistd.h>
| #endif
| int
| main ()
| {
| if (sizeof ((off_t)))
| 	  return 0;
|   ;
|   return 0;
| }
configure:3900: result: yes
configure:3912: checking for size_t
configure:3940: gcc -c -g -O2  conftest.c >&5
configure:3947: $? = 0
configure:3974: gcc -c -g -O2  conftest.c >&5
conftest.c: In function 'main':
conftest.c:61: error: expected expression before ')' token
configure:3981: $? = 1
configure: failed program was:
| /* confdefs.h.  */
| #define PACKAGE_NAME "denyfs"
| #define PACKAGE_TARNAME "denyfs"
| #define PACKAGE_VERSION "0.2.0"
| #define PACKAGE_STRING "denyfs 0.2.0"
| #define PACKAGE_BUGREPORT "erick@openchill.org"
| #define HAVE_LIBDEVMAPPER 1
| #define STDC_HEADERS 1
| #define HAVE_SYS_TYPES_H 1
| #define HAVE_SYS_STAT_H 1
| #define HAVE_STDLIB_H 1
| #define HAVE_STRING_H 1
| #define HAVE_MEMORY_H 1
| #define HAVE_STRINGS_H 1
| #define HAVE_INTTYPES_H 1
| #define HAVE_STDINT_H 1
| #define HAVE_UNISTD_H 1
| #define HAVE_FCNTL_H 1
| #define HAVE_STDINT_H 1
| #define HAVE_STDLIB_H 1
| #define HAVE_STRING_H 1
| #define HAVE_SYS_IOCTL_H 1
| #define HAVE_UNISTD_H 1
| /* end confdefs.h.  */
| #include <stdio.h>
| #ifdef HAVE_SYS_TYPES_H
| # include <sys/types.h>
| #endif
| #ifdef HAVE_SYS_STAT_H
| # include <sys/stat.h>
| #endif
| #ifdef STDC_HEADERS
| # include <stdlib.h>
| # include <stddef.h>
| #else
| # ifdef HAVE_STDLIB_H
| #  include <stdlib.h>
| # endif
| #endif
| #ifdef HAVE_STRING_H
| # if !defined STDC_HEADERS && defined HAVE_MEMORY_H
| #  include <memory.h>
| # endif
| # include <string.h>
| #endif
| #ifdef HAVE_STRINGS_H
| # include <strings.h>
| #endif
| #ifdef HAVE_INTTYPES_H
| # include <inttypes.h>
| #endif
| #ifdef HAVE_STDINT_H
| # include <stdint.h>
| #endif
| #ifdef HAVE_UNISTD_H
| # include <unistd.h>
| #endif
| int
| main ()
| {
| if (sizeof ((size_t)))
| 	  return 0;
|   ;
|   return 0;
| }
configure:4004: result: yes
configure:4017: checking for uint32_t
configure:4048: gcc -c -g -O2  conftest.c >&5
configure:4055: $? = 0
configure:4076: result: yes
configure:4094: checking for uint64_t
configure:4125: gcc -c -g -O2  conftest.c >&5
configure:4132: $? = 0
configure:4153: result: yes
configure:4172: checking for _LARGEFILE_SOURCE value needed for large files
configure:4201: gcc -o conftest -g -O2   conftest.c -ldevmapper  >&5
configure:4208: $? = 0
configure:4281: result: no
configure:4309: checking for strerror
configure:4365: gcc -o conftest -g -O2   conftest.c -ldevmapper  >&5
configure:4372: $? = 0
configure:4394: result: yes
configure:4309: checking for strtol
configure:4365: gcc -o conftest -g -O2   conftest.c -ldevmapper  >&5
configure:4372: $? = 0
configure:4394: result: yes
configure:4511: creating ./config.status

## ---------------------- ##
## Running config.status. ##
## ---------------------- ##

This file was extended by denyfs config.status 0.2.0, which was
generated by GNU Autoconf 2.63.  Invocation command line was

  CONFIG_FILES    = 
  CONFIG_HEADERS  = 
  CONFIG_LINKS    = 
  CONFIG_COMMANDS = 
  $ ./config.status 

on pong

config.status:732: creating Makefile
config.status:732: creating src/Makefile
config.status:732: creating autoconf/config.h

## ---------------- ##
## Cache variables. ##
## ---------------- ##

ac_cv_c_compiler_gnu=yes
ac_cv_c_int32_t=yes
ac_cv_c_int64_t=yes
ac_cv_c_uint32_t=yes
ac_cv_c_uint64_t=yes
ac_cv_env_CC_set=
ac_cv_env_CC_value=
ac_cv_env_CFLAGS_set=
ac_cv_env_CFLAGS_value=
ac_cv_env_CPPFLAGS_set=
ac_cv_env_CPPFLAGS_value=
ac_cv_env_CPP_set=
ac_cv_env_CPP_value=
ac_cv_env_LDFLAGS_set=
ac_cv_env_LDFLAGS_value=
ac_cv_env_LIBS_set=
ac_cv_env_LIBS_value=
ac_cv_env_build_alias_set=
ac_cv_env_build_alias_value=
ac_cv_env_host_alias_set=
ac_cv_env_host_alias_value=
ac_cv_env_target_alias_set=
ac_cv_env_target_alias_value=
ac_cv_func_strerror=yes
ac_cv_func_strtol=yes
ac_cv_header_fcntl_h=yes
ac_cv_header_inttypes_h=yes
ac_cv_header_memory_h=yes
ac_cv_header_stdc=yes
ac_cv_header_stdint_h=yes
ac_cv_header_stdlib_h=yes
ac_cv_header_string_h=yes
ac_cv_header_strings_h=yes
ac_cv_header_sys_ioctl_h=yes
ac_cv_header_sys_stat_h=yes
ac_cv_header_sys_types_h=yes
ac_cv_header_unistd_h=yes
ac_cv_lib_devmapper_dm_task_create=yes
ac_cv_objext=o
ac_cv_path_EGREP='/bin/grep -E'
ac_cv_path_GREP=/bin/grep
ac_cv_prog_CPP='gcc -E'
ac_cv_prog_ac_ct_CC=gcc
ac_cv_prog_cc_c89=
ac_cv_prog_cc_g=yes
ac_cv_sys_largefile_source=no
ac_cv_type_off_t=yes
ac_cv_type_size_t=yes

## ----------------- ##
## Output variables. ##
## ----------------- ##

CC='gcc'
CFLAGS='-g -O2'
CPP='gcc -E'
CPPFLAGS=''
DEFS='-DHAVE_CONFIG_H'
ECHO_C=''
ECHO_N='-n'
ECHO_T=''
EGREP='/bin/grep -E'
EXEEXT=''
GREP='/bin/grep'
LDFLAGS=''
LIBOBJS=''
LIBS='-ldevmapper '
LTLIBOBJS=''
OBJEXT='o'
PACKAGE_BUGREPORT='erick@openchill.org'
PACKAGE_NAME='denyfs'
PACKAGE_STRING='denyfs 0.2.0'
PACKAGE_TARNAME='denyfs'
PACKAGE_VERSION='0.2.0'
PATH_SEPARATOR=':'
SHELL='/bin/sh'
ac_ct_CC='gcc'
bindir='${exec_prefix}/bin'
build_alias=''
datadir='${datarootdir}'
datarootdir='${prefix}/share'
docdir='${datarootdir}/doc/${PACKAGE_TARNAME}'
dvidir='${docdir}'
exec_prefix='${prefix}'
host_alias=''
htmldir='${docdir}'
includedir='${prefix}/include'
infodir='${datarootdir}/info'
libdir='${exec_prefix}/lib'
libexecdir='${exec_prefix}/libexec'
localedir='${datarootdir}/locale'
localstatedir='${prefix}/var'
mandir='${datarootdir}/man'
oldincludedir='/usr/include'
pdfdir='${docdir}'
prefix='/usr/local'
program_transform_name='s,x,x,'
psdir='${docdir}'
sbindir='${exec_prefix}/sbin'
sharedstatedir='${prefix}/com'
sysconfdir='${prefix}/etc'
target_alias=''

## ----------- ##
## confdefs.h. ##
## ----------- ##

#define PACKAGE_NAME "denyfs"
#define PACKAGE_TARNAME "denyfs"
#define PACKAGE_VERSION "0.2.0"
#define PACKAGE_STRING "denyfs 0.2.0"
#define PACKAGE_BUGREPORT "erick@openchill.org"
#define HAVE_LIBDEVMAPPER 1
#define STDC_HEADERS 1
#define HAVE_SYS_TYPES_H 1
#define HAVE_SYS_STAT_H 1
#define HAVE_STDLIB_H 1
#define HAVE_STRING_H 1
#define HAVE_MEMORY_H 1
#define HAVE_STRINGS_H 1
#define HAVE_INTTYPES_H 1
#define HAVE_STDINT_H 1
#define HAVE_UNISTD_H 1
#define HAVE_FCNTL_H 1
#define HAVE_STDINT_H 1
#define HAVE_STDLIB_H 1
#define HAVE_STRING_H 1
#define HAVE_SYS_IOCTL_H 1
#define HAVE_UNISTD_H 1
#define HAVE_FSEEKO 1
#define HAVE_STRERROR 1
#define HAVE_STRTOL 1

configure: exit 0
